生成启动时间为 2017/4/8 17:27:23。
     1>项目“C:\Users\Administrator\Desktop\ReadImage2Pix\ReadImage2Pix\ReadImage2Pix.vcxproj”在节点 2 上(build 个目标)。
     1>InitializeBuildStatus:
         正在创建“Debug\ReadImage2Pix.unsuccessfulbuild”，因为已指定“AlwaysCreate”。
       ClCompile:
         所有输出均为最新。
         C:\Program Files (x86)\Microsoft Visual Studio 10.0\VC\bin\CL.exe /c /ZI /nologo /W3 /WX- /Od /Oy- /D WIN32 /D _WINDOWS /D _DEBUG /D _UNICODE /D UNICODE /D _AFXDLL /Gm /EHsc /RTC1 /MDd /GS /fp:precise /Zc:wchar_t /Zc:forScope /Yu"StdAfx.h" /Fp"Debug\ReadImage2Pix.pch" /Fo"Debug\\" /Fd"Debug\vc100.pdb" /Gd /TP /analyze- /errorReport:prompt ReadImage2PixDlg.cpp
         ReadImage2PixDlg.cpp
       ResourceCompile:
         所有输出均为最新。
       ManifestResourceCompile:
         所有输出均为最新。
       Link:
         C:\Program Files (x86)\Microsoft Visual Studio 10.0\VC\bin\link.exe /ERRORREPORT:PROMPT /OUT:"C:\Users\Administrator\Desktop\ReadImage2Pix\Debug\ReadImage2Pix.exe" /INCREMENTAL /NOLOGO /MANIFEST /ManifestFile:"Debug\ReadImage2Pix.exe.intermediate.manifest" /MANIFESTUAC:"level='asInvoker' uiAccess='false'" /DEBUG /PDB:"C:\Users\Administrator\Desktop\ReadImage2Pix\Debug\ReadImage2Pix.pdb" /SUBSYSTEM:WINDOWS /TLBID:1 /ENTRY:"wWinMainCRTStartup" /DYNAMICBASE /NXCOMPAT /IMPLIB:"C:\Users\Administrator\Desktop\ReadImage2Pix\Debug\ReadImage2Pix.lib" /MACHINE:X86 Debug\ReadImage2Pix.res
         Debug\ReadImage2Pix.exe.embed.manifest.res
         Debug\ReadImage.obj
         Debug\ReadImage2Pix.obj
         Debug\ReadImage2PixDlg.obj
         Debug\stdafx.obj
       Manifest:
         C:\Program Files (x86)\Microsoft SDKs\Windows\v7.0A\bin\mt.exe /nologo /verbose /out:"Debug\ReadImage2Pix.exe.embed.manifest" /manifest Debug\ReadImage2Pix.exe.intermediate.manifest "C:\Program Files (x86)\Microsoft Visual Studio 10.0\VC\Include\Manifest\dpiaware.manifest"
         所有输出均为最新。
       LinkEmbedManifest:
         所有输出均为最新。
         ReadImage2Pix.vcxproj -> C:\Users\Administrator\Desktop\ReadImage2Pix\Debug\ReadImage2Pix.exe
       FinalizeBuildStatus:
         正在删除文件“Debug\ReadImage2Pix.unsuccessfulbuild”。
         正在对“Debug\ReadImage2Pix.lastbuildstate”执行 Touch 任务。
     1>已完成生成项目“C:\Users\Administrator\Desktop\ReadImage2Pix\ReadImage2Pix\ReadImage2Pix.vcxproj”(build 个目标)的操作。

生成成功。

已用时间 00:00:00.40
